Arguments: 
  /Users/antonin/.nvm/versions/node/v14.15.5/bin/node /Users/antonin/.yarn/bin/yarn.js install

PATH: 
  /Users/antonin/.yarn/bin:/Users/antonin/.config/yarn/global/node_modules/.bin:./bin:./node_modules/.bin:/Users/antonin/.nvm/versions/node/v14.15.5/bin:/Users/antonin/.rbenv/shims:/Users/antonin/.rbenv/bin:/Users/antonin/.pyenv/bin:/usr/local/bin:/usr/bin:/bin:/usr/sbin:/sbin:/usr/local/Cellar/mongodb-community@3.6/3.6.20/bin:/opt/X11/bin:/Library/Apple/usr/bin:/usr/local/sbin

Yarn version: 
  1.22.17

Node version: 
  14.15.5

Platform: 
  darwin x64

Trace: 
  Error: getaddrinfo ENOTFOUND registry.yarnpkg.com
      at GetAddrInfoReqWrap.onlookup [as oncomplete] (dns.js:67:26)

npm manifest: 
  {
    "name": "react-v2",
    "version": "1.0.0",
    "main": "index.js",
    "author": "Antonin Folliasson <antonin@aitio.co>",
    "license": "MIT",
      "dependencies": {
      "@babel/core": "^7.18.9",
      "@babel/plugin-proposal-class-properties": "^7.18.6",
      "@babel/preset-env": "^7.18.9",
      "@babel/preset-react": "^7.18.6",
      "babel-loader": "^8.2.5",
      "clean-webpack-plugin": "^4.0.0",
      "css-loader": "^6.7.1",
      "html-webpack-plugin": "^5.5.0",
      "react": "^18.2.0",
      "react-dom": "^18.2.0",
      "sass-loader": "^13.0.2",
      "style-loader": "^3.3.1",
      "webpack": "^5.74.0",
      "webpack-cli": "^4.10.0",
      "webpack-dev-server": "^4.9.3"
    },
    "scripts": {
      "dev": "webpack serve",
      "build": "webpack"
    },
    "devDependencies": {
      "sass": "^1.54.0"
    }
  }

yarn manifest: 
  No manifest

Lockfile: 
  No lockfile
